1458645425.614702 server started, pid 33487
1458645425.614886 continuing cmdq 0x7f8dd0504d00: flags=0, client=-1
1458645425.614907 cmdq 0x7f8dd0504d00: bind-key C-b send-prefix
1458645425.614988 continuing cmdq 0x7f8dd0504d00: flags=0, client=-1
1458645425.615002 cmdq 0x7f8dd0504d00: bind-key C-o rotate-window
1458645425.615019 continuing cmdq 0x7f8dd0504d00: flags=0, client=-1
1458645425.615026 cmdq 0x7f8dd0504d00: bind-key C-z suspend-client
1458645425.615042 continuing cmdq 0x7f8dd0504d00: flags=0, client=-1
1458645425.615049 cmdq 0x7f8dd0504d00: bind-key Space next-layout
1458645425.615063 continuing cmdq 0x7f8dd0504d00: flags=0, client=-1
1458645425.615070 cmdq 0x7f8dd0504d00: bind-key ! break-pane
1458645425.615084 continuing cmdq 0x7f8dd0504d00: flags=0, client=-1
1458645425.615090 cmdq 0x7f8dd0504d00: bind-key " split-window
1458645425.615104 continuing cmdq 0x7f8dd0504d00: flags=0, client=-1
1458645425.615111 cmdq 0x7f8dd0504d00: bind-key # list-buffers
1458645425.615128 continuing cmdq 0x7f8dd0504d00: flags=0, client=-1
1458645425.615135 cmdq 0x7f8dd0504d00: bind-key $ command-prompt -I#S "rename-session '%%'"
1458645425.615154 continuing cmdq 0x7f8dd0504d00: flags=0, client=-1
1458645425.615161 cmdq 0x7f8dd0504d00: bind-key % split-window -h
1458645425.615179 continuing cmdq 0x7f8dd0504d00: flags=0, client=-1
1458645425.615187 cmdq 0x7f8dd0504d00: bind-key & confirm-before "-pkill-window #W? (y/n)" kill-window
1458645425.615205 continuing cmdq 0x7f8dd0504d00: flags=0, client=-1
1458645425.615213 cmdq 0x7f8dd0504d00: bind-key ' command-prompt -pindex "select-window -t ':%%'"
1458645425.615227 continuing cmdq 0x7f8dd0504d00: flags=0, client=-1
1458645425.615234 cmdq 0x7f8dd0504d00: bind-key ( switch-client -p
1458645425.615249 continuing cmdq 0x7f8dd0504d00: flags=0, client=-1
1458645425.615256 cmdq 0x7f8dd0504d00: bind-key ) switch-client -n
1458645425.615272 continuing cmdq 0x7f8dd0504d00: flags=0, client=-1
1458645425.615280 cmdq 0x7f8dd0504d00: bind-key , command-prompt -I#W "rename-window '%%'"
1458645425.615328 continuing cmdq 0x7f8dd0504d00: flags=0, client=-1
1458645425.615357 cmdq 0x7f8dd0504d00: bind-key - delete-buffer
1458645425.615376 continuing cmdq 0x7f8dd0504d00: flags=0, client=-1
1458645425.615384 cmdq 0x7f8dd0504d00: bind-key . command-prompt "move-window -t '%%'"
1458645425.615426 continuing cmdq 0x7f8dd0504d00: flags=0, client=-1
1458645425.615442 cmdq 0x7f8dd0504d00: bind-key 0 select-window -t:=0
1458645425.615476 continuing cmdq 0x7f8dd0504d00: flags=0, client=-1
1458645425.615485 cmdq 0x7f8dd0504d00: bind-key 1 select-window -t:=1
1458645425.615503 continuing cmdq 0x7f8dd0504d00: flags=0, client=-1
1458645425.615510 cmdq 0x7f8dd0504d00: bind-key 2 select-window -t:=2
1458645425.615524 continuing cmdq 0x7f8dd0504d00: flags=0, client=-1
1458645425.615531 cmdq 0x7f8dd0504d00: bind-key 3 select-window -t:=3
1458645425.615545 continuing cmdq 0x7f8dd0504d00: flags=0, client=-1
1458645425.615552 cmdq 0x7f8dd0504d00: bind-key 4 select-window -t:=4
1458645425.615566 continuing cmdq 0x7f8dd0504d00: flags=0, client=-1
1458645425.615573 cmdq 0x7f8dd0504d00: bind-key 5 select-window -t:=5
1458645425.615586 continuing cmdq 0x7f8dd0504d00: flags=0, client=-1
1458645425.615593 cmdq 0x7f8dd0504d00: bind-key 6 select-window -t:=6
1458645425.615607 continuing cmdq 0x7f8dd0504d00: flags=0, client=-1
1458645425.615613 cmdq 0x7f8dd0504d00: bind-key 7 select-window -t:=7
1458645425.615627 continuing cmdq 0x7f8dd0504d00: flags=0, client=-1
1458645425.615634 cmdq 0x7f8dd0504d00: bind-key 8 select-window -t:=8
1458645425.615648 continuing cmdq 0x7f8dd0504d00: flags=0, client=-1
1458645425.615654 cmdq 0x7f8dd0504d00: bind-key 9 select-window -t:=9
1458645425.615667 continuing cmdq 0x7f8dd0504d00: flags=0, client=-1
1458645425.615674 cmdq 0x7f8dd0504d00: bind-key : command-prompt
1458645425.615686 continuing cmdq 0x7f8dd0504d00: flags=0, client=-1
1458645425.615692 cmdq 0x7f8dd0504d00: bind-key ; last-pane
1458645425.615704 continuing cmdq 0x7f8dd0504d00: flags=0, client=-1
1458645425.615710 cmdq 0x7f8dd0504d00: bind-key = choose-buffer
1458645425.615732 continuing cmdq 0x7f8dd0504d00: flags=0, client=-1
1458645425.615739 cmdq 0x7f8dd0504d00: bind-key ? list-keys
1458645425.615751 continuing cmdq 0x7f8dd0504d00: flags=0, client=-1
1458645425.615757 cmdq 0x7f8dd0504d00: bind-key D choose-client
1458645425.615770 continuing cmdq 0x7f8dd0504d00: flags=0, client=-1
1458645425.615776 cmdq 0x7f8dd0504d00: bind-key L switch-client -l
1458645425.615790 continuing cmdq 0x7f8dd0504d00: flags=0, client=-1
1458645425.615796 cmdq 0x7f8dd0504d00: bind-key M select-pane -M
1458645425.615809 continuing cmdq 0x7f8dd0504d00: flags=0, client=-1
1458645425.615815 cmdq 0x7f8dd0504d00: bind-key [ copy-mode
1458645425.615827 continuing cmdq 0x7f8dd0504d00: flags=0, client=-1
1458645425.615833 cmdq 0x7f8dd0504d00: bind-key ] paste-buffer
1458645425.615845 continuing cmdq 0x7f8dd0504d00: flags=0, client=-1
1458645425.615851 cmdq 0x7f8dd0504d00: bind-key c new-window
1458645425.615863 continuing cmdq 0x7f8dd0504d00: flags=0, client=-1
1458645425.615869 cmdq 0x7f8dd0504d00: bind-key d detach-client
1458645425.615883 continuing cmdq 0x7f8dd0504d00: flags=0, client=-1
1458645425.615893 cmdq 0x7f8dd0504d00: bind-key f command-prompt "find-window '%%'"
1458645425.615906 continuing cmdq 0x7f8dd0504d00: flags=0, client=-1
1458645425.615913 cmdq 0x7f8dd0504d00: bind-key i display-message
1458645425.615924 continuing cmdq 0x7f8dd0504d00: flags=0, client=-1
1458645425.615930 cmdq 0x7f8dd0504d00: bind-key l last-window
1458645425.615943 continuing cmdq 0x7f8dd0504d00: flags=0, client=-1
1458645425.615949 cmdq 0x7f8dd0504d00: bind-key m select-pane -m
1458645425.615962 continuing cmdq 0x7f8dd0504d00: flags=0, client=-1
1458645425.615968 cmdq 0x7f8dd0504d00: bind-key n next-window
1458645425.615980 continuing cmdq 0x7f8dd0504d00: flags=0, client=-1
1458645425.615987 cmdq 0x7f8dd0504d00: bind-key o select-pane -t:.+
1458645425.615999 continuing cmdq 0x7f8dd0504d00: flags=0, client=-1
1458645425.616006 cmdq 0x7f8dd0504d00: bind-key p previous-window
1458645425.616018 continuing cmdq 0x7f8dd0504d00: flags=0, client=-1
1458645425.616024 cmdq 0x7f8dd0504d00: bind-key q display-panes
1458645425.616036 continuing cmdq 0x7f8dd0504d00: flags=0, client=-1
1458645425.616042 cmdq 0x7f8dd0504d00: bind-key r refresh-client
1458645425.616054 continuing cmdq 0x7f8dd0504d00: flags=0, client=-1
1458645425.616060 cmdq 0x7f8dd0504d00: bind-key s choose-tree
1458645425.616071 continuing cmdq 0x7f8dd0504d00: flags=0, client=-1
1458645425.616077 cmdq 0x7f8dd0504d00: bind-key t clock-mode
1458645425.616089 continuing cmdq 0x7f8dd0504d00: flags=0, client=-1
1458645425.616095 cmdq 0x7f8dd0504d00: bind-key w choose-window
1458645425.616110 continuing cmdq 0x7f8dd0504d00: flags=0, client=-1
1458645425.616117 cmdq 0x7f8dd0504d00: bind-key x confirm-before "-pkill-pane #P? (y/n)" kill-pane
1458645425.616131 continuing cmdq 0x7f8dd0504d00: flags=0, client=-1
1458645425.616137 cmdq 0x7f8dd0504d00: bind-key z resize-pane -Z
1458645425.616150 continuing cmdq 0x7f8dd0504d00: flags=0, client=-1
1458645425.616157 cmdq 0x7f8dd0504d00: bind-key { swap-pane -U
1458645425.616170 continuing cmdq 0x7f8dd0504d00: flags=0, client=-1
1458645425.616176 cmdq 0x7f8dd0504d00: bind-key } swap-pane -D
1458645425.616189 continuing cmdq 0x7f8dd0504d00: flags=0, client=-1
1458645425.616196 cmdq 0x7f8dd0504d00: bind-key ~ show-messages
1458645425.616208 continuing cmdq 0x7f8dd0504d00: flags=0, client=-1
1458645425.616215 cmdq 0x7f8dd0504d00: bind-key PPage copy-mode -u
1458645425.616229 continuing cmdq 0x7f8dd0504d00: flags=0, client=-1
1458645425.616236 cmdq 0x7f8dd0504d00: bind-key -r Up select-pane -U
1458645425.616251 continuing cmdq 0x7f8dd0504d00: flags=0, client=-1
1458645425.616257 cmdq 0x7f8dd0504d00: bind-key -r Down select-pane -D
1458645425.616272 continuing cmdq 0x7f8dd0504d00: flags=0, client=-1
1458645425.616279 cmdq 0x7f8dd0504d00: bind-key -r Left select-pane -L
1458645425.616296 continuing cmdq 0x7f8dd0504d00: flags=0, client=-1
1458645425.616304 cmdq 0x7f8dd0504d00: bind-key -r Right select-pane -R
1458645425.616318 continuing cmdq 0x7f8dd0504d00: flags=0, client=-1
1458645425.616332 cmdq 0x7f8dd0504d00: bind-key M-1 select-layout even-horizontal
1458645425.616346 continuing cmdq 0x7f8dd0504d00: flags=0, client=-1
1458645425.616353 cmdq 0x7f8dd0504d00: bind-key M-2 select-layout even-vertical
1458645425.616366 continuing cmdq 0x7f8dd0504d00: flags=0, client=-1
1458645425.616373 cmdq 0x7f8dd0504d00: bind-key M-3 select-layout main-horizontal
1458645425.616387 continuing cmdq 0x7f8dd0504d00: flags=0, client=-1
1458645425.616394 cmdq 0x7f8dd0504d00: bind-key M-4 select-layout main-vertical
1458645425.616407 continuing cmdq 0x7f8dd0504d00: flags=0, client=-1
1458645425.616413 cmdq 0x7f8dd0504d00: bind-key M-5 select-layout tiled
1458645425.616426 continuing cmdq 0x7f8dd0504d00: flags=0, client=-1
1458645425.616433 cmdq 0x7f8dd0504d00: bind-key M-n next-window -a
1458645425.616446 continuing cmdq 0x7f8dd0504d00: flags=0, client=-1
1458645425.616452 cmdq 0x7f8dd0504d00: bind-key M-o rotate-window -D
1458645425.616465 continuing cmdq 0x7f8dd0504d00: flags=0, client=-1
1458645425.616472 cmdq 0x7f8dd0504d00: bind-key M-p previous-window -a
1458645425.616486 continuing cmdq 0x7f8dd0504d00: flags=0, client=-1
1458645425.616493 cmdq 0x7f8dd0504d00: bind-key -r M-Up resize-pane -U 5
1458645425.616509 continuing cmdq 0x7f8dd0504d00: flags=0, client=-1
1458645425.616516 cmdq 0x7f8dd0504d00: bind-key -r M-Down resize-pane -D 5
1458645425.616532 continuing cmdq 0x7f8dd0504d00: flags=0, client=-1
1458645425.616539 cmdq 0x7f8dd0504d00: bind-key -r M-Left resize-pane -L 5
1458645425.616555 continuing cmdq 0x7f8dd0504d00: flags=0, client=-1
1458645425.616562 cmdq 0x7f8dd0504d00: bind-key -r M-Right resize-pane -R 5
1458645425.616578 continuing cmdq 0x7f8dd0504d00: flags=0, client=-1
1458645425.616584 cmdq 0x7f8dd0504d00: bind-key -r C-Up resize-pane -U
1458645425.616607 continuing cmdq 0x7f8dd0504d00: flags=0, client=-1
1458645425.616618 cmdq 0x7f8dd0504d00: bind-key -r C-Down resize-pane -D
1458645425.616640 continuing cmdq 0x7f8dd0504d00: flags=0, client=-1
1458645425.616650 cmdq 0x7f8dd0504d00: bind-key -r C-Left resize-pane -L
1458645425.616665 continuing cmdq 0x7f8dd0504d00: flags=0, client=-1
1458645425.616672 cmdq 0x7f8dd0504d00: bind-key -r C-Right resize-pane -R
1458645425.616689 continuing cmdq 0x7f8dd0504d00: flags=0, client=-1
1458645425.616696 cmdq 0x7f8dd0504d00: bind-key -n MouseDown1Pane select-pane -t=; send-keys -M
1458645425.616718 continuing cmdq 0x7f8dd0504d00: flags=0, client=-1
1458645425.616725 cmdq 0x7f8dd0504d00: bind-key -n MouseDrag1Border resize-pane -M
1458645425.616742 continuing cmdq 0x7f8dd0504d00: flags=0, client=-1
1458645425.616749 cmdq 0x7f8dd0504d00: bind-key -n MouseDown1Status select-window -t=
1458645425.616773 continuing cmdq 0x7f8dd0504d00: flags=0, client=-1
1458645425.616782 cmdq 0x7f8dd0504d00: bind-key -n MouseDrag1Pane if -Ft= #{mouse_any_flag} "if -Ft= "#{pane_in_mode}" "copy-mode -M" "send-keys -M"" "copy-mode -M"
1458645425.616801 continuing cmdq 0x7f8dd0504d00: flags=0, client=-1
1458645425.616808 cmdq 0x7f8dd0504d00: bind-key -n MouseDown3Pane select-pane -mt=
1458645425.617025 socket path /private/var/folders/zb/ghm1crc93w1crjr3dbcvb1tw0000gn/T/tmux-501/default
1458645425.617256 new client 7
1458645425.617349 loading /Users/insanityandme/.tmux.conf
1458645425.617379 /Users/insanityandme/.tmux.conf: # Improve Colors
1458645425.617387 /Users/insanityandme/.tmux.conf: set -g default-terminal "screen-256color"
1458645425.617401 /Users/insanityandme/.tmux.conf: 
1458645425.617408 /Users/insanityandme/.tmux.conf: # Ctrl-a instead of Ctrl-b (acting like GNU screen)
1458645425.617415 /Users/insanityandme/.tmux.conf: unbind C-b
1458645425.617425 /Users/insanityandme/.tmux.conf: set -g prefix C-a
1458645425.617436 /Users/insanityandme/.tmux.conf: 
1458645425.617442 /Users/insanityandme/.tmux.conf: # Unicode
1458645425.617448 /Users/insanityandme/.tmux.conf: setw -g utf8 on
1458645425.617459 /Users/insanityandme/.tmux.conf: set-option -g status-utf8 on
1458645425.617471 /Users/insanityandme/.tmux.conf: 
1458645425.617489 /Users/insanityandme/.tmux.conf: # Start window index at 1, renumber windows after closing
1458645425.617496 /Users/insanityandme/.tmux.conf: set -g base-index 1
1458645425.617508 /Users/insanityandme/.tmux.conf: 
1458645425.617514 /Users/insanityandme/.tmux.conf: # Statusbar settings
1458645425.617520 /Users/insanityandme/.tmux.conf: set -g status-justify centre
1458645425.617531 /Users/insanityandme/.tmux.conf: set -g status-left ''
1458645425.617542 /Users/insanityandme/.tmux.conf: set -g status-right ''
1458645425.617554 /Users/insanityandme/.tmux.conf: setw -g window-status-format "#I: #W#F"
1458645425.617567 /Users/insanityandme/.tmux.conf: setw -g window-status-current-format "[#I: #W]"
1458645425.617580 /Users/insanityandme/.tmux.conf: 
1458645425.617585 /Users/insanityandme/.tmux.conf: # Statusbar colors
1458645425.617591 /Users/insanityandme/.tmux.conf: set -g status-fg green
1458645425.617602 /Users/insanityandme/.tmux.conf: set -g status-bg default
1458645425.617613 /Users/insanityandme/.tmux.conf: 
1458645425.617619 /Users/insanityandme/.tmux.conf: # Activity monitoring
1458645425.617625 /Users/insanityandme/.tmux.conf: setw -g monitor-activity on
1458645425.617636 /Users/insanityandme/.tmux.conf: set -g visual-activity on
1458645425.617648 /Users/insanityandme/.tmux.conf: 
1458645425.617654 /Users/insanityandme/.tmux.conf: # Vi mode, Switch panes with HJKL
1458645425.617660 /Users/insanityandme/.tmux.conf: set-window-option -g mode-keys vi
1458645425.617672 /Users/insanityandme/.tmux.conf: bind h select-pane -L
1458645425.617682 /Users/insanityandme/.tmux.conf: bind j select-pane -D
1458645425.617695 /Users/insanityandme/.tmux.conf: bind k select-pane -U
1458645425.617705 /Users/insanityandme/.tmux.conf: bind l select-pane -R
1458645425.617715 /Users/insanityandme/.tmux.conf: 
1458645425.617721 /Users/insanityandme/.tmux.conf: # Window splits
1458645425.617727 /Users/insanityandme/.tmux.conf: bind - split-window -h
1458645425.617736 /Users/insanityandme/.tmux.conf: bind _ split-window -v
1458645425.617746 /Users/insanityandme/.tmux.conf: 
1458645425.617752 /Users/insanityandme/.tmux.conf: # Last pane
1458645425.617758 /Users/insanityandme/.tmux.conf: bind-key C-a last-pane
1458645425.617776 continuing cmdq 0x7f8dd0704740: flags=0, client=-1
1458645425.617784 cmdq 0x7f8dd0704740: set-option -g default-terminal screen-256color
1458645425.617824 cmdq 0x7f8dd0704740: unbind-key C-b
1458645425.617838 cmdq 0x7f8dd0704740: set-option -g prefix C-a
1458645425.617903 cmdq 0x7f8dd0704740: set-window-option -g utf8 on
1458645425.617930 cmdq 0x7f8dd0704740: set-option -g status-utf8 on
1458645425.617955 cmdq 0x7f8dd0704740: set-option -g base-index 1
1458645425.617976 cmdq 0x7f8dd0704740: set-option -g status-justify centre
1458645425.617993 cmdq 0x7f8dd0704740: set-option -g status-left 
1458645425.618009 cmdq 0x7f8dd0704740: set-option -g status-right 
1458645425.618025 cmdq 0x7f8dd0704740: set-window-option -g window-status-format "#I: #W#F"
1458645425.618041 cmdq 0x7f8dd0704740: set-window-option -g window-status-current-format "[#I: #W]"
1458645425.618052 cmdq 0x7f8dd0704740: set-option -g status-fg green
1458645425.618071 cmdq 0x7f8dd0704740: set-option -g status-bg default
1458645425.618083 cmdq 0x7f8dd0704740: set-window-option -g monitor-activity on
1458645425.618092 cmdq 0x7f8dd0704740: set-option -g visual-activity on
1458645425.618102 cmdq 0x7f8dd0704740: set-window-option -g mode-keys vi
1458645425.618111 cmdq 0x7f8dd0704740: bind-key h select-pane -L
1458645425.618123 cmdq 0x7f8dd0704740: bind-key j select-pane -D
1458645425.618134 cmdq 0x7f8dd0704740: bind-key k select-pane -U
1458645425.618144 cmdq 0x7f8dd0704740: bind-key l select-pane -R
1458645425.618155 cmdq 0x7f8dd0704740: bind-key - split-window -h
1458645425.618167 cmdq 0x7f8dd0704740: bind-key _ split-window -v
1458645425.618177 cmdq 0x7f8dd0704740: bind-key C-a last-pane
1458645425.618187 unref client 7 (2 references)
1458645425.618202 event dispatch enter
1458645425.618309 got 100 from client 7
1458645425.618324 got 101 from client 7
1458645425.618344 got 102 from client 7
1458645425.618350 got 103 from client 7
1458645425.618362 event dispatch exit
1458645425.618368 event dispatch enter
1458645425.618407 got 104 from client 7
1458645425.618418 got 107 from client 7
1458645425.618425 got 105 from client 7
1458645425.618435 got 105 from client 7
1458645425.618442 got 105 from client 7
1458645425.618449 got 105 from client 7
1458645425.618455 got 105 from client 7
1458645425.618461 got 105 from client 7
1458645425.618468 got 105 from client 7
1458645425.618474 got 105 from client 7
1458645425.618481 got 105 from client 7
1458645425.618487 got 105 from client 7
1458645425.618494 got 105 from client 7
1458645425.618500 got 105 from client 7
1458645425.618506 got 105 from client 7
1458645425.618513 got 105 from client 7
1458645425.618519 got 105 from client 7
1458645425.618526 got 105 from client 7
1458645425.618532 got 105 from client 7
1458645425.618539 got 105 from client 7
1458645425.618545 got 105 from client 7
1458645425.618552 got 105 from client 7
1458645425.618558 got 105 from client 7
1458645425.618564 got 105 from client 7
1458645425.618571 got 105 from client 7
1458645425.618577 got 105 from client 7
1458645425.618583 got 105 from client 7
1458645425.618590 got 105 from client 7
1458645425.618596 got 105 from client 7
1458645425.618602 got 105 from client 7
1458645425.618609 got 105 from client 7
1458645425.618615 got 106 from client 7
1458645425.619558 got 200 from client 7
1458645425.619607 continuing cmdq 0x7f8dd07044f0: flags=0, client=7
1458645425.619641 cmdq 0x7f8dd07044f0: new-session
1458645425.619661 new term: screen-color-256color-bce
1458645425.619801 writing 211 to client 7
1458645425.619823 event dispatch exit
1458645425.619830 writing 203 to client 7
1458645425.619836 event dispatch enter
1458645425.619875 event dispatch exit
1458645425.619885 event dispatch enter
1458645425.620527 lost client 7
1458645425.620591 unref client 7 (1 references)
1458645425.620611 event dispatch exit
