1465036997.291278 client started (1299): socket /private/tmp/tmux-501/default, protocol 8
1465036997.291317 on Darwin 15.5.0 Darwin Kernel Version 15.5.0: Tue Apr 19 18:36:36 PDT 2016; root:xnu-3248.50.21~8/RELEASE_X86_64; libevent 2.0.22-stable (kqueue)
1465036997.291355 socket is /private/tmp/tmux-501/default
1465036997.291371 trying connect
1465036997.291455 add peer 0x7f9d8301de00: 5 (0x0)
1465036997.292510 sending message 100 to peer 0x7f9d8301de00 (4 bytes)
1465036997.292529 sending message 101 to peer 0x7f9d8301de00 (15 bytes)
1465036997.292537 sending message 102 to peer 0x7f9d8301de00 (13 bytes)
1465036997.292544 sending message 108 to peer 0x7f9d8301de00 (31 bytes)
1465036997.292558 sending message 104 to peer 0x7f9d8301de00 (0 bytes)
1465036997.292565 sending message 107 to peer 0x7f9d8301de00 (4 bytes)
1465036997.292571 sending message 105 to peer 0x7f9d8301de00 (100 bytes)
1465036997.292578 sending message 105 to peer 0x7f9d8301de00 (44 bytes)
1465036997.292584 sending message 105 to peer 0x7f9d8301de00 (28 bytes)
1465036997.292590 sending message 105 to peer 0x7f9d8301de00 (28 bytes)
1465036997.292596 sending message 105 to peer 0x7f9d8301de00 (16 bytes)
1465036997.292602 sending message 105 to peer 0x7f9d8301de00 (20 bytes)
1465036997.292609 sending message 105 to peer 0x7f9d8301de00 (57 bytes)
1465036997.292615 sending message 105 to peer 0x7f9d8301de00 (76 bytes)
1465036997.292621 sending message 105 to peer 0x7f9d8301de00 (27 bytes)
1465036997.292627 sending message 105 to peer 0x7f9d8301de00 (43 bytes)
1465036997.292634 sending message 105 to peer 0x7f9d8301de00 (53 bytes)
1465036997.292640 sending message 105 to peer 0x7f9d8301de00 (19 bytes)
1465036997.292646 sending message 105 to peer 0x7f9d8301de00 (66 bytes)
1465036997.292652 sending message 105 to peer 0x7f9d8301de00 (38 bytes)
1465036997.292658 sending message 105 to peer 0x7f9d8301de00 (53 bytes)
1465036997.292664 sending message 105 to peer 0x7f9d8301de00 (55 bytes)
1465036997.292670 sending message 105 to peer 0x7f9d8301de00 (50 bytes)
1465036997.292677 sending message 105 to peer 0x7f9d8301de00 (193 bytes)
1465036997.292683 sending message 105 to peer 0x7f9d8301de00 (70 bytes)
1465036997.292689 sending message 105 to peer 0x7f9d8301de00 (35 bytes)
1465036997.292695 sending message 105 to peer 0x7f9d8301de00 (17 bytes)
1465036997.292701 sending message 105 to peer 0x7f9d8301de00 (14 bytes)
1465036997.292707 sending message 105 to peer 0x7f9d8301de00 (33 bytes)
1465036997.292713 sending message 105 to peer 0x7f9d8301de00 (19 bytes)
1465036997.292720 sending message 105 to peer 0x7f9d8301de00 (8 bytes)
1465036997.292726 sending message 105 to peer 0x7f9d8301de00 (26 bytes)
1465036997.292732 sending message 105 to peer 0x7f9d8301de00 (22 bytes)
1465036997.292738 sending message 105 to peer 0x7f9d8301de00 (15 bytes)
1465036997.292744 sending message 105 to peer 0x7f9d8301de00 (30 bytes)
1465036997.292750 sending message 105 to peer 0x7f9d8301de00 (23 bytes)
1465036997.292757 sending message 105 to peer 0x7f9d8301de00 (35 bytes)
1465036997.292763 sending message 105 to peer 0x7f9d8301de00 (22 bytes)
1465036997.292769 sending message 106 to peer 0x7f9d8301de00 (0 bytes)
1465036997.292778 sending message 200 to peer 0x7f9d8301de00 (4 bytes)
1465036997.292784 client loop enter
1465036997.296524 peer 0x7f9d8301de00 message 207
1465036997.296548 sending message 208 to peer 0x7f9d8301de00 (0 bytes)
1465037001.496134 peer 0x7f9d8301de00 message 203
1465037001.496161 sending message 205 to peer 0x7f9d8301de00 (0 bytes)
1465037001.496466 peer 0x7f9d8301de00 message 204
1465037001.496482 client loop exit
